2022-04-05 23:49:35.332  INFO 22068 --- [restartedMain] c.e.admin.EcommerceBackEndApplication    : Starting EcommerceBackEndApplication using Java 17.0.2 on DESKTOP-4H9FECT with PID 22068 (F:\Valencia\2022\Spring2022\IT-Capstone\EcommerceProject\EcommerceProject\EcommerceWebParent\EcommerceBackEnd\target\classes started by Baataoui Youssef in F:\Valencia\2022\Spring2022\IT-Capstone\EcommerceProject\EcommerceProject\EcommerceWebParent\EcommerceBackEnd)
2022-04-05 23:49:35.332  INFO 22068 --- [restartedMain] c.e.admin.EcommerceBackEndApplication    : No active profile set, falling back to 1 default profile: "default"
2022-04-05 23:49:35.492  INFO 22068 --- [restartedMain] .s.d.r.c.RepositoryConfigurationDelegate : Bootstrapping Spring Data JPA repositories in DEFAULT mode.
2022-04-05 23:49:35.501  INFO 22068 --- [restartedMain] .s.d.r.c.RepositoryConfigurationDelegate : Finished Spring Data repository scanning in 7 ms. Found 2 JPA repository interfaces.
2022-04-05 23:49:35.584  INFO 22068 --- [restartedMain] o.s.b.w.embedded.tomcat.TomcatWebServer  : Tomcat initialized with port(s): 8080 (http)
2022-04-05 23:49:35.584  INFO 22068 --- [restartedMain] o.apache.catalina.core.StandardService   : Starting service [Tomcat]
2022-04-05 23:49:35.585  INFO 22068 --- [restartedMain] org.apache.catalina.core.StandardEngine  : Starting Servlet engine: [Apache Tomcat/9.0.58]
2022-04-05 23:49:35.601  INFO 22068 --- [restartedMain] o.a.c.c.C.[.[.[/EcommerceAdmin]          : Initializing Spring embedded WebApplicationContext
2022-04-05 23:49:35.601  INFO 22068 --- [restartedMain] w.s.c.ServletWebServerApplicationContext : Root WebApplicationContext: initialization completed in 267 ms
2022-04-05 23:49:35.634  INFO 22068 --- [restartedMain] o.hibernate.jpa.internal.util.LogHelper  : HHH000204: Processing PersistenceUnitInfo [name: default]
2022-04-05 23:49:35.641  INFO 22068 --- [restartedMain] com.zaxxer.hikari.HikariDataSource       : HikariPool-3 - Starting...
2022-04-05 23:49:35.660  INFO 22068 --- [restartedMain] com.zaxxer.hikari.HikariDataSource       : HikariPool-3 - Start completed.
2022-04-05 23:49:35.660  INFO 22068 --- [restartedMain] org.hibernate.dialect.Dialect            : HHH000400: Using dialect: org.hibernate.dialect.MySQL8Dialect
2022-04-05 23:49:35.716  INFO 22068 --- [restartedMain] o.h.e.t.j.p.i.JtaPlatformInitiator       : HHH000490: Using JtaPlatform implementation: [org.hibernate.engine.transaction.jta.platform.internal.NoJtaPlatform]
2022-04-05 23:49:35.717  INFO 22068 --- [restartedMain] j.LocalContainerEntityManagerFactoryBean : Initialized JPA EntityManagerFactory for persistence unit 'default'
2022-04-05 23:49:35.801  WARN 22068 --- [restartedMain] JpaBaseConfiguration$JpaWebConfiguration : spring.jpa.open-in-view is enabled by default. Therefore, database queries may be performed during view rendering. Explicitly configure spring.jpa.open-in-view to disable this warning
2022-04-05 23:49:35.824  WARN 22068 --- [restartedMain] o.s.s.c.a.web.builders.WebSecurity       : You are asking Spring Security to ignore Ant [pattern='/images/**']. This is not recommended -- please use permitAll via HttpSecurity#authorizeHttpRequests instead.
2022-04-05 23:49:35.824  INFO 22068 --- [restartedMain] o.s.s.web.DefaultSecurityFilterChain     : Will secure Ant [pattern='/images/**'] with []
2022-04-05 23:49:35.825  WARN 22068 --- [restartedMain] o.s.s.c.a.web.builders.WebSecurity       : You are asking Spring Security to ignore Ant [pattern='/js/**']. This is not recommended -- please use permitAll via HttpSecurity#authorizeHttpRequests instead.
2022-04-05 23:49:35.825  INFO 22068 --- [restartedMain] o.s.s.web.DefaultSecurityFilterChain     : Will secure Ant [pattern='/js/**'] with []
2022-04-05 23:49:35.825  WARN 22068 --- [restartedMain] o.s.s.c.a.web.builders.WebSecurity       : You are asking Spring Security to ignore Ant [pattern='/webjars/**']. This is not recommended -- please use permitAll via HttpSecurity#authorizeHttpRequests instead.
2022-04-05 23:49:35.826  INFO 22068 --- [restartedMain] o.s.s.web.DefaultSecurityFilterChain     : Will secure Ant [pattern='/webjars/**'] with []
2022-04-05 23:49:35.839  INFO 22068 --- [restartedMain] o.s.s.web.DefaultSecurityFilterChain     : Will not secure any request
2022-04-05 23:49:35.894  INFO 22068 --- [restartedMain] o.s.b.a.w.s.WelcomePageHandlerMapping    : Adding welcome page template: index
2022-04-05 23:49:36.095  INFO 22068 --- [restartedMain] o.s.b.d.a.OptionalLiveReloadServer       : LiveReload server is running on port 35729
2022-04-05 23:49:36.104  INFO 22068 --- [restartedMain] o.s.b.w.embedded.tomcat.TomcatWebServer  : Tomcat started on port(s): 8080 (http) with context path '/EcommerceAdmin'
2022-04-05 23:49:36.109  INFO 22068 --- [restartedMain] c.e.admin.EcommerceBackEndApplication    : Started EcommerceBackEndApplication in 0.814 seconds (JVM running for 344.141)
2022-04-05 23:49:36.110  INFO 22068 --- [restartedMain] .ConditionEvaluationDeltaLoggingListener : Condition evaluation unchanged
2022-04-05 23:50:16.815  INFO 22068 --- [RMI TCP Connection(20)-127.0.0.1] inMXBeanRegistrar$SpringApplicationAdmin : Application shutdown requested.
2022-04-05 23:50:16.826  INFO 22068 --- [RMI TCP Connection(20)-127.0.0.1] j.LocalContainerEntityManagerFactoryBean : Closing JPA EntityManagerFactory for persistence unit 'default'
2022-04-05 23:50:16.826  INFO 22068 --- [RMI TCP Connection(20)-127.0.0.1] com.zaxxer.hikari.HikariDataSource       : HikariPool-3 - Shutdown initiated...
2022-04-05 23:50:16.829  INFO 22068 --- [RMI TCP Connection(20)-127.0.0.1] com.zaxxer.hikari.HikariDataSource       : HikariPool-3 - Shutdown completed.
2022-04-05 23:50:18.948  INFO 13572 --- [restartedMain] c.e.admin.EcommerceBackEndApplication    : Starting EcommerceBackEndApplication using Java 17.0.2 on DESKTOP-4H9FECT with PID 13572 (F:\Valencia\2022\Spring2022\IT-Capstone\EcommerceProject\EcommerceProject\EcommerceWebParent\EcommerceBackEnd\target\classes started by Baataoui Youssef in F:\Valencia\2022\Spring2022\IT-Capstone\EcommerceProject\EcommerceProject\EcommerceWebParent\EcommerceBackEnd)
2022-04-05 23:50:18.949  INFO 13572 --- [restartedMain] c.e.admin.EcommerceBackEndApplication    : No active profile set, falling back to 1 default profile: "default"
2022-04-05 23:50:18.994  INFO 13572 --- [restartedMain] .e.DevToolsPropertyDefaultsPostProcessor : Devtools property defaults active! Set 'spring.devtools.add-properties' to 'false' to disable
2022-04-05 23:50:18.994  INFO 13572 --- [restartedMain] .e.DevToolsPropertyDefaultsPostProcessor : For additional web related logging consider setting the 'logging.level.web' property to 'DEBUG'
2022-04-05 23:50:19.502  INFO 13572 --- [restartedMain] .s.d.r.c.RepositoryConfigurationDelegate : Bootstrapping Spring Data JPA repositories in DEFAULT mode.
2022-04-05 23:50:19.542  INFO 13572 --- [restartedMain] .s.d.r.c.RepositoryConfigurationDelegate : Finished Spring Data repository scanning in 33 ms. Found 2 JPA repository interfaces.
2022-04-05 23:50:20.011  INFO 13572 --- [restartedMain] o.s.b.w.embedded.tomcat.TomcatWebServer  : Tomcat initialized with port(s): 8080 (http)
2022-04-05 23:50:20.018  INFO 13572 --- [restartedMain] o.apache.catalina.core.StandardService   : Starting service [Tomcat]
2022-04-05 23:50:20.019  INFO 13572 --- [restartedMain] org.apache.catalina.core.StandardEngine  : Starting Servlet engine: [Apache Tomcat/9.0.58]
2022-04-05 23:50:20.110  INFO 13572 --- [restartedMain] o.a.c.c.C.[.[.[/EcommerceAdmin]          : Initializing Spring embedded WebApplicationContext
2022-04-05 23:50:20.111  INFO 13572 --- [restartedMain] w.s.c.ServletWebServerApplicationContext : Root WebApplicationContext: initialization completed in 1116 ms
2022-04-05 23:50:20.274  INFO 13572 --- [restartedMain] o.hibernate.jpa.internal.util.LogHelper  : HHH000204: Processing PersistenceUnitInfo [name: default]
2022-04-05 23:50:20.312  INFO 13572 --- [restartedMain] org.hibernate.Version                    : HHH000412: Hibernate ORM core version 5.6.5.Final
2022-04-05 23:50:20.428  INFO 13572 --- [restartedMain] o.hibernate.annotations.common.Version   : HCANN000001: Hibernate Commons Annotations {5.1.2.Final}
2022-04-05 23:50:20.500  INFO 13572 --- [restartedMain] com.zaxxer.hikari.HikariDataSource       : HikariPool-1 - Starting...
2022-04-05 23:50:20.764  INFO 13572 --- [restartedMain] com.zaxxer.hikari.HikariDataSource       : HikariPool-1 - Start completed.
2022-04-05 23:50:20.777  INFO 13572 --- [restartedMain] org.hibernate.dialect.Dialect            : HHH000400: Using dialect: org.hibernate.dialect.MySQL8Dialect
2022-04-05 23:50:21.317  INFO 13572 --- [restartedMain] o.h.e.t.j.p.i.JtaPlatformInitiator       : HHH000490: Using JtaPlatform implementation: [org.hibernate.engine.transaction.jta.platform.internal.NoJtaPlatform]
2022-04-05 23:50:21.324  INFO 13572 --- [restartedMain] j.LocalContainerEntityManagerFactoryBean : Initialized JPA EntityManagerFactory for persistence unit 'default'
2022-04-05 23:50:21.697  WARN 13572 --- [restartedMain] JpaBaseConfiguration$JpaWebConfiguration : spring.jpa.open-in-view is enabled by default. Therefore, database queries may be performed during view rendering. Explicitly configure spring.jpa.open-in-view to disable this warning
2022-04-05 23:50:21.809  WARN 13572 --- [restartedMain] o.s.s.c.a.web.builders.WebSecurity       : You are asking Spring Security to ignore Ant [pattern='/images/**']. This is not recommended -- please use permitAll via HttpSecurity#authorizeHttpRequests instead.
2022-04-05 23:50:21.810  INFO 13572 --- [restartedMain] o.s.s.web.DefaultSecurityFilterChain     : Will secure Ant [pattern='/images/**'] with []
2022-04-05 23:50:21.810  WARN 13572 --- [restartedMain] o.s.s.c.a.web.builders.WebSecurity       : You are asking Spring Security to ignore Ant [pattern='/js/**']. This is not recommended -- please use permitAll via HttpSecurity#authorizeHttpRequests instead.
2022-04-05 23:50:21.811  INFO 13572 --- [restartedMain] o.s.s.web.DefaultSecurityFilterChain     : Will secure Ant [pattern='/js/**'] with []
2022-04-05 23:50:21.811  WARN 13572 --- [restartedMain] o.s.s.c.a.web.builders.WebSecurity       : You are asking Spring Security to ignore Ant [pattern='/webjars/**']. This is not recommended -- please use permitAll via HttpSecurity#authorizeHttpRequests instead.
2022-04-05 23:50:21.811  INFO 13572 --- [restartedMain] o.s.s.web.DefaultSecurityFilterChain     : Will secure Ant [pattern='/webjars/**'] with []
2022-04-05 23:50:21.838  INFO 13572 --- [restartedMain] o.s.s.web.DefaultSecurityFilterChain     : Will not secure any request
2022-04-05 23:50:21.980  INFO 13572 --- [restartedMain] o.s.b.a.w.s.WelcomePageHandlerMapping    : Adding welcome page template: index
2022-04-05 23:50:22.365  INFO 13572 --- [restartedMain] o.s.b.d.a.OptionalLiveReloadServer       : LiveReload server is running on port 35729
2022-04-05 23:50:22.396  INFO 13572 --- [restartedMain] o.s.b.w.embedded.tomcat.TomcatWebServer  : Tomcat started on port(s): 8080 (http) with context path '/EcommerceAdmin'
2022-04-05 23:50:22.404  INFO 13572 --- [restartedMain] c.e.admin.EcommerceBackEndApplication    : Started EcommerceBackEndApplication in 3.743 seconds (JVM running for 4.365)
2022-04-05 23:55:49.177  INFO 13572 --- [Thread-5] j.LocalContainerEntityManagerFactoryBean : Closing JPA EntityManagerFactory for persistence unit 'default'
2022-04-05 23:55:49.181  INFO 13572 --- [Thread-5] com.zaxxer.hikari.HikariDataSource       : HikariPool-1 - Shutdown initiated...
2022-04-05 23:55:49.189  INFO 13572 --- [Thread-5] com.zaxxer.hikari.HikariDataSource       : HikariPool-1 - Shutdown completed.
2022-04-05 23:55:49.256  INFO 13572 --- [restartedMain] c.e.admin.EcommerceBackEndApplication    : Starting EcommerceBackEndApplication using Java 17.0.2 on DESKTOP-4H9FECT with PID 13572 (F:\Valencia\2022\Spring2022\IT-Capstone\EcommerceProject\EcommerceProject\EcommerceWebParent\EcommerceBackEnd\target\classes started by Baataoui Youssef in F:\Valencia\2022\Spring2022\IT-Capstone\EcommerceProject\EcommerceProject\EcommerceWebParent\EcommerceBackEnd)
2022-04-05 23:55:49.257  INFO 13572 --- [restartedMain] c.e.admin.EcommerceBackEndApplication    : No active profile set, falling back to 1 default profile: "default"
2022-04-05 23:55:49.432  INFO 13572 --- [restartedMain] .s.d.r.c.RepositoryConfigurationDelegate : Bootstrapping Spring Data JPA repositories in DEFAULT mode.
2022-04-05 23:55:49.442  INFO 13572 --- [restartedMain] .s.d.r.c.RepositoryConfigurationDelegate : Finished Spring Data repository scanning in 9 ms. Found 2 JPA repository interfaces.
2022-04-05 23:55:49.529  INFO 13572 --- [restartedMain] o.s.b.w.embedded.tomcat.TomcatWebServer  : Tomcat initialized with port(s): 8080 (http)
2022-04-05 23:55:49.530  INFO 13572 --- [restartedMain] o.apache.catalina.core.StandardService   : Starting service [Tomcat]
2022-04-05 23:55:49.530  INFO 13572 --- [restartedMain] org.apache.catalina.core.StandardEngine  : Starting Servlet engine: [Apache Tomcat/9.0.58]
2022-04-05 23:55:49.547  INFO 13572 --- [restartedMain] o.a.c.c.C.[.[.[/EcommerceAdmin]          : Initializing Spring embedded WebApplicationContext
2022-04-05 23:55:49.547  INFO 13572 --- [restartedMain] w.s.c.ServletWebServerApplicationContext : Root WebApplicationContext: initialization completed in 288 ms
2022-04-05 23:55:49.581  INFO 13572 --- [restartedMain] o.hibernate.jpa.internal.util.LogHelper  : HHH000204: Processing PersistenceUnitInfo [name: default]
2022-04-05 23:55:49.588  INFO 13572 --- [restartedMain] com.zaxxer.hikari.HikariDataSource       : HikariPool-2 - Starting...
2022-04-05 23:55:49.605  INFO 13572 --- [restartedMain] com.zaxxer.hikari.HikariDataSource       : HikariPool-2 - Start completed.
2022-04-05 23:55:49.605  INFO 13572 --- [restartedMain] org.hibernate.dialect.Dialect            : HHH000400: Using dialect: org.hibernate.dialect.MySQL8Dialect
2022-04-05 23:55:49.673  INFO 13572 --- [restartedMain] o.h.e.t.j.p.i.JtaPlatformInitiator       : HHH000490: Using JtaPlatform implementation: [org.hibernate.engine.transaction.jta.platform.internal.NoJtaPlatform]
2022-04-05 23:55:49.673  INFO 13572 --- [restartedMain] j.LocalContainerEntityManagerFactoryBean : Initialized JPA EntityManagerFactory for persistence unit 'default'
2022-04-05 23:55:49.771  WARN 13572 --- [restartedMain] JpaBaseConfiguration$JpaWebConfiguration : spring.jpa.open-in-view is enabled by default. Therefore, database queries may be performed during view rendering. Explicitly configure spring.jpa.open-in-view to disable this warning
2022-04-05 23:55:49.801  WARN 13572 --- [restartedMain] o.s.s.c.a.web.builders.WebSecurity       : You are asking Spring Security to ignore Ant [pattern='/images/**']. This is not recommended -- please use permitAll via HttpSecurity#authorizeHttpRequests instead.
2022-04-05 23:55:49.801  INFO 13572 --- [restartedMain] o.s.s.web.DefaultSecurityFilterChain     : Will secure Ant [pattern='/images/**'] with []
2022-04-05 23:55:49.801  WARN 13572 --- [restartedMain] o.s.s.c.a.web.builders.WebSecurity       : You are asking Spring Security to ignore Ant [pattern='/js/**']. This is not recommended -- please use permitAll via HttpSecurity#authorizeHttpRequests instead.
2022-04-05 23:55:49.801  INFO 13572 --- [restartedMain] o.s.s.web.DefaultSecurityFilterChain     : Will secure Ant [pattern='/js/**'] with []
2022-04-05 23:55:49.801  WARN 13572 --- [restartedMain] o.s.s.c.a.web.builders.WebSecurity       : You are asking Spring Security to ignore Ant [pattern='/webjars/**']. This is not recommended -- please use permitAll via HttpSecurity#authorizeHttpRequests instead.
2022-04-05 23:55:49.801  INFO 13572 --- [restartedMain] o.s.s.web.DefaultSecurityFilterChain     : Will secure Ant [pattern='/webjars/**'] with []
2022-04-05 23:55:49.811  INFO 13572 --- [restartedMain] o.s.s.web.DefaultSecurityFilterChain     : Will not secure any request
2022-04-05 23:55:49.876  INFO 13572 --- [restartedMain] o.s.b.a.w.s.WelcomePageHandlerMapping    : Adding welcome page template: index
2022-04-05 23:55:50.094  INFO 13572 --- [restartedMain] o.s.b.d.a.OptionalLiveReloadServer       : LiveReload server is running on port 35729
2022-04-05 23:55:50.104  INFO 13572 --- [restartedMain] o.s.b.w.embedded.tomcat.TomcatWebServer  : Tomcat started on port(s): 8080 (http) with context path '/EcommerceAdmin'
2022-04-05 23:55:50.109  INFO 13572 --- [restartedMain] c.e.admin.EcommerceBackEndApplication    : Started EcommerceBackEndApplication in 0.882 seconds (JVM running for 332.07)
2022-04-05 23:55:50.111  INFO 13572 --- [restartedMain] .ConditionEvaluationDeltaLoggingListener : Condition evaluation unchanged
